<?xml version="1.0" encoding="UTF-8"?>
<!-- Generated by org.testng.reporters.JUnitReportReporter -->
<testsuite skipped="8" hostname="PARAM" name="com.qa.testcase.AddOnPageTest" tests="9" failures="0" timestamp="23 Feb 2021 18:03:25 GMT" time="43.517" errors="0">
  <testcase name="validatesubmitAddonsTest" time="43.517" classname="com.qa.testcase.AddOnPageTest"/>
  <testcase name="validateOtherAddonChecksTest" classname="com.qa.testcase.AddOnPageTest">
    <skipped/>
  </testcase> <!-- validateOtherAddonChecksTest -->
  <testcase name="validatehomeCallBoxTest" classname="com.qa.testcase.AddOnPageTest">
    <skipped/>
  </testcase> <!-- validatehomeCallBoxTest -->
  <testcase name="validateNeedModemCheckBoxCheckedTest" classname="com.qa.testcase.AddOnPageTest">
    <skipped/>
  </testcase> <!-- validateNeedModemCheckBoxCheckedTest -->
  <testcase name="validateNeedModemBoxTest" classname="com.qa.testcase.AddOnPageTest">
    <skipped/>
  </testcase> <!-- validateNeedModemBoxTest -->
  <testcase name="validateOtherAddonBoxTest" classname="com.qa.testcase.AddOnPageTest">
    <skipped/>
  </testcase> <!-- validateOtherAddonBoxTest -->
  <testcase name="validateHomeCallPlanSelectTest" classname="com.qa.testcase.AddOnPageTest">
    <skipped/>
  </testcase> <!-- validateHomeCallPlanSelectTest -->
  <testcase name="validateBYOCheckBoxCheckedTest" classname="com.qa.testcase.AddOnPageTest">
    <skipped/>
  </testcase> <!-- validateBYOCheckBoxCheckedTest -->
  <testcase name="validateyourOrderBoxTest" classname="com.qa.testcase.AddOnPageTest">
    <skipped/>
  </testcase> <!-- validateyourOrderBoxTest -->
</testsuite> <!-- com.qa.testcase.AddOnPageTest -->
