<?xml version="1.0" encoding="UTF-8"?>
<!-- Generated by org.testng.reporters.JUnitReportReporter -->
<testsuite skipped="0" hostname="PARAM" name="com.qa.testcase.ConnectionAddressTest" tests="1" failures="0" timestamp="26 Feb 2021 20:19:30 GMT" time="75.952" errors="0">
  <testcase name="validateOtpTest" time="75.952" classname="com.qa.testcase.ConnectionAddressTest"/>
</testsuite> <!-- com.qa.testcase.ConnectionAddressTest -->
