<?xml version="1.0" encoding="UTF-8"?>
<!-- Generated by org.testng.reporters.JUnitReportReporter -->
<testsuite skipped="3" hostname="PARAM" name="com.qa.testcase.HomePageTest" tests="4" failures="0" timestamp="26 Feb 2021 19:45:47 GMT" time="33.255" errors="0">
  <testcase name="clickBroadbandButtonTest" time="33.255" classname="com.qa.testcase.HomePageTest"/>
  <testcase name="validatePhoneNumberTest" classname="com.qa.testcase.HomePageTest">
    <skipped/>
  </testcase> <!-- validatePhoneNumberTest -->
  <testcase name="homePageTitleTest" classname="com.qa.testcase.HomePageTest">
    <skipped/>
  </testcase> <!-- homePageTitleTest -->
  <testcase name="validateBroadbandButtonTest" classname="com.qa.testcase.HomePageTest">
    <skipped/>
  </testcase> <!-- validateBroadbandButtonTest -->
</testsuite> <!-- com.qa.testcase.HomePageTest -->
