<?xml version="1.0" encoding="UTF-8"?>
<!-- Generated by org.testng.reporters.JUnitReportReporter -->
<testsuite skipped="1" hostname="PARAM" name="com.qa.testcase.YourDetailsTest" tests="2" failures="0" timestamp="25 Feb 2021 15:28:46 GMT" time="54.353" errors="0">
  <testcase name="validateYourDetailsTest" time="54.353" classname="com.qa.testcase.YourDetailsTest"/>
  <testcase name="validateConnectionDetailsTest" classname="com.qa.testcase.YourDetailsTest">
    <skipped/>
  </testcase> <!-- validateConnectionDetailsTest -->
</testsuite> <!-- com.qa.testcase.YourDetailsTest -->
