<?xml version="1.0" encoding="UTF-8"?>
<!-- Generated by org.testng.reporters.JUnitReportReporter -->
<testsuite skipped="0" hostname="PARAM" name="com.qa.testcase.OtpTest" tests="1" failures="0" timestamp="28 Feb 2021 17:10:12 GMT" time="56.717" errors="0">
  <testcase name="validateConnectionAddressTest" time="56.717" classname="com.qa.testcase.OtpTest"/>
</testsuite> <!-- com.qa.testcase.OtpTest -->
