<?xml version="1.0" encoding="UTF-8"?>
<!-- Generated by org.testng.reporters.JUnitReportReporter -->
<testsuite skipped="0" hostname="PARAM" name="com.qa.testcase.ConnectionAddressTest" tests="1" failures="0" timestamp="28 Feb 2021 17:33:30 GMT" time="45.737" errors="0">
  <testcase name="validateOtpTest" time="45.737" classname="com.qa.testcase.ConnectionAddressTest"/>
</testsuite> <!-- com.qa.testcase.ConnectionAddressTest -->
