<?xml version="1.0" encoding="UTF-8"?>
<!-- Generated by org.testng.reporters.JUnitReportReporter -->
<testsuite skipped="0" hostname="PARAM" name="com.qa.testcase.ConnectionAddressTest" tests="1" failures="0" timestamp="28 Feb 2021 17:06:01 GMT" time="48.661" errors="0">
  <testcase name="validateOtpTest" time="48.661" classname="com.qa.testcase.ConnectionAddressTest"/>
</testsuite> <!-- com.qa.testcase.ConnectionAddressTest -->
