<?xml version="1.0" encoding="UTF-8"?>
<!-- Generated by org.testng.reporters.JUnitReportReporter -->
<testsuite skipped="2" hostname="PARAM" name="com.qa.testcase.BasicInfoPageTest" tests="4" failures="0" timestamp="01 Mar 2021 16:58:39 GMT" time="50.048" errors="0">
  <testcase name="validateconnectionTypeTest" time="28.820" classname="com.qa.testcase.BasicInfoPageTest"/>
  <testcase name="validatenextButtonTest" time="21.228" classname="com.qa.testcase.BasicInfoPageTest"/>
  <testcase name="validateAddressApiTest" classname="com.qa.testcase.BasicInfoPageTest">
    <skipped/>
  </testcase> <!-- validateAddressApiTest -->
  <testcase name="validatemoveInTest" classname="com.qa.testcase.BasicInfoPageTest">
    <skipped/>
  </testcase> <!-- validatemoveInTest -->
</testsuite> <!-- com.qa.testcase.BasicInfoPageTest -->
