<?xml version="1.0" encoding="UTF-8"?>
<!-- Generated by org.testng.reporters.JUnitReportReporter -->
<testsuite skipped="7" hostname="PARAM" name="com.qa.testcase.PopUpPageTest" tests="8" failures="0" timestamp="28 Feb 2021 15:33:38 GMT" time="36.452" errors="0">
  <testcase name="validatePlanTest" time="36.452" classname="com.qa.testcase.PopUpPageTest"/>
  <testcase name="validatesmallContentTest" classname="com.qa.testcase.PopUpPageTest">
    <skipped/>
  </testcase> <!-- validatesmallContentTest -->
  <testcase name="validateSpecialTabTest" classname="com.qa.testcase.PopUpPageTest">
    <skipped/>
  </testcase> <!-- validateSpecialTabTest -->
  <testcase name="validateStrikeCostTest" classname="com.qa.testcase.PopUpPageTest">
    <skipped/>
  </testcase> <!-- validateStrikeCostTest -->
  <testcase name="validateCredentialsTest" classname="com.qa.testcase.PopUpPageTest">
    <skipped/>
  </testcase> <!-- validateCredentialsTest -->
  <testcase name="validatePlanNameTest" classname="com.qa.testcase.PopUpPageTest">
    <skipped/>
  </testcase> <!-- validatePlanNameTest -->
  <testcase name="validateh4ContentTest" classname="com.qa.testcase.PopUpPageTest">
    <skipped/>
  </testcase> <!-- validateh4ContentTest -->
  <testcase name="validateOfferCostTest" classname="com.qa.testcase.PopUpPageTest">
    <skipped/>
  </testcase> <!-- validateOfferCostTest -->
</testsuite> <!-- com.qa.testcase.PopUpPageTest -->
