<?xml version="1.0" encoding="UTF-8"?>
<!-- Generated by org.testng.reporters.JUnitReportReporter -->
<testsuite skipped="2" hostname="PARAM" name="com.qa.testcase.BasicInfoPageTest" tests="4" failures="0" timestamp="28 Feb 2021 17:33:30 GMT" time="52.141" errors="0">
  <testcase name="validateconnectionTypeTest" time="29.610" classname="com.qa.testcase.BasicInfoPageTest"/>
  <testcase name="validatenextButtonTest" time="22.531" classname="com.qa.testcase.BasicInfoPageTest"/>
  <testcase name="validateAddressApiTest" classname="com.qa.testcase.BasicInfoPageTest">
    <skipped/>
  </testcase> <!-- validateAddressApiTest -->
  <testcase name="validatemoveInTest" classname="com.qa.testcase.BasicInfoPageTest">
    <skipped/>
  </testcase> <!-- validatemoveInTest -->
</testsuite> <!-- com.qa.testcase.BasicInfoPageTest -->
