<?xml version="1.0" encoding="UTF-8"?>
<!-- Generated by org.testng.reporters.JUnitReportReporter -->
<testsuite skipped="2" hostname="PARAM" name="com.qa.testcase.BasicInfoPageTest" tests="4" failures="0" timestamp="22 Feb 2021 15:22:03 GMT" time="44.599" errors="0">
  <testcase name="validateconnectionTypeTest" time="24.596" classname="com.qa.testcase.BasicInfoPageTest"/>
  <testcase name="validatenextButtonTest" time="20.003" classname="com.qa.testcase.BasicInfoPageTest"/>
  <testcase name="validateAddressApiTest" classname="com.qa.testcase.BasicInfoPageTest">
    <skipped/>
  </testcase> <!-- validateAddressApiTest -->
  <testcase name="validatemoveInTest" classname="com.qa.testcase.BasicInfoPageTest">
    <skipped/>
  </testcase> <!-- validatemoveInTest -->
</testsuite> <!-- com.qa.testcase.BasicInfoPageTest -->
